<?xml version="1.0" encoding="UTF-8"?><testsuite failures="0" name="cucumber.runtime.formatter.JUnitFormatter" skipped="0" tests="1" time="42.080907">
<testcase classname="Market-World referral" name="Functionality of login" time="42.080907">
<system-out><![CDATA[Given user is already on home page..........................................passed
When title of home page is..................................................passed
Then Then user clicks on  login button......................................passed
Then users enter the "testingajay5@gmail.com"and "qwerty@@".................passed
Then user click on login button.............................................passed
Then user click on enter competition button.................................passed
Then user click on play game button.........................................passed
Then user click on start game button........................................passed
]]></system-out>
</testcase>
</testsuite>
