<?xml version="1.0" encoding="UTF-8"?><testsuite failures="0" name="cucumber.runtime.formatter.JUnitFormatter" skipped="0" tests="100" time="1109.320294">
<testcase classname="Market-World referral" name="Functionality of SignUp" time="13.917015">
<system-out><![CDATA[Given users are already on login page.......................................passed
When title of logins page is................................................passed
Then Then user clicks on  Sign Up button....................................passed
Then users enters "AJay Singh" and "sdtestingwwdwajay5@gmail.com"and "qwerty@@".passed
Then user click on signup button............................................passed
Then user close the browser.................................................passed
]]></system-out>
</testcase>
<testcase classname="Market-World referral" name="Functionality of SignUp 2" time="9.307253">
<system-out><![CDATA[Given users are already on login page.......................................passed
When title of logins page is................................................passed
Then Then user clicks on  Sign Up button....................................passed
Then users enters "AJay Singh" and "tesdstinwqwfdwgajay9@yopmail.com"and "qwerty@@".passed
Then user click on signup button............................................passed
Then user close the browser.................................................passed
]]></system-out>
</testcase>
<testcase classname="Market-World referral" name="Functionality of SignUp 3" time="11.831864">
<system-out><![CDATA[Given users are already on login page.......................................passed
When title of logins page is................................................passed
Then Then user clicks on  Sign Up button....................................passed
Then users enters "AJay Singh" and "testsdinwqwfawgajay8@yopmail.com"and "qwerty@@".passed
Then user click on signup button............................................passed
Then user close the browser.................................................passed
]]></system-out>
</testcase>
<testcase classname="Market-World referral" name="Functionality of SignUp 4" time="11.115497">
<system-out><![CDATA[Given users are already on login page.......................................passed
When title of logins page is................................................passed
Then Then user clicks on  Sign Up button....................................passed
Then users enters "AJay Singh" and "testinsdEWwFSAEgajay6@yopmail.com"and "qwerty@@".passed
Then user click on signup button............................................passed
Then user close the browser.................................................passed
]]></system-out>
</testcase>
<testcase classname="Market-World referral" name="Functionality of SignUp 5" time="10.766393">
<system-out><![CDATA[Given users are already on login page.......................................passed
When title of logins page is................................................passed
Then Then user clicks on  Sign Up button....................................passed
Then users enters "AJay Singh" and "singhafwsdwwafjay.hestabit@yopmail.com"and "qwerty@@".passed
Then user click on signup button............................................passed
Then user close the browser.................................................passed
]]></system-out>
</testcase>
<testcase classname="Market-World referral" name="Functionality of SignUp 6" time="11.025747">
<system-out><![CDATA[Given users are already on login page.......................................passed
When title of logins page is................................................passed
Then Then user clicks on  Sign Up button....................................passed
Then users enters "AJay Singh" and "testiegwwssdfasngajay4@yopmail.com"and "qwerty@@".passed
Then user click on signup button............................................passed
Then user close the browser.................................................passed
]]></system-out>
</testcase>
<testcase classname="Market-World referral" name="Functionality of SignUp 7" time="11.317178">
<system-out><![CDATA[Given users are already on login page.......................................passed
When title of logins page is................................................passed
Then Then user clicks on  Sign Up button....................................passed
Then users enters "AJay Singh" and "testiweafwansdgajay10@yopmail.com"and "qwerty@@".passed
Then user click on signup button............................................passed
Then user close the browser.................................................passed
]]></system-out>
</testcase>
<testcase classname="Market-World referral" name="Functionality of SignUp 8" time="8.915389">
<system-out><![CDATA[Given users are already on login page.......................................passed
When title of logins page is................................................passed
Then Then user clicks on  Sign Up button....................................passed
Then users enters "AJay Singh" and "testiwafanwgajsday11@yopmail.com"and "qwerty@@".passed
Then user click on signup button............................................passed
Then user close the browser.................................................passed
]]></system-out>
</testcase>
<testcase classname="Market-World referral" name="Functionality of SignUp 9" time="8.768107">
<system-out><![CDATA[Given users are already on login page.......................................passed
When title of logins page is................................................passed
Then Then user clicks on  Sign Up button....................................passed
Then users enters "AJay Singh" and "testwqfADWiwngajsday2@yopmail.com"and "qwerty@@".passed
Then user click on signup button............................................passed
Then user close the browser.................................................passed
]]></system-out>
</testcase>
<testcase classname="Market-World referral" name="Functionality of SignUp 10" time="10.701555">
<system-out><![CDATA[Given users are already on login page.......................................passed
When title of logins page is................................................passed
Then Then user clicks on  Sign Up button....................................passed
Then users enters "AJay Singh" and "testQwdaingawjay3@yopmail.com"and "qwerty@@".passed
Then user click on signup button............................................passed
Then user close the browser.................................................passed
]]></system-out>
</testcase>
<testcase classname="Market-World referral" name="Functionality of SignUp 11" time="8.397767">
<system-out><![CDATA[Given users are already on login page.......................................passed
When title of logins page is................................................passed
Then Then user clicks on  Sign Up button....................................passed
Then users enters "AJay Singh" and "sdtestasefewainwgajay9@yopmail.com"and "qwerty@@".passed
Then user click on signup button............................................passed
Then user close the browser.................................................passed
]]></system-out>
</testcase>
<testcase classname="Market-World referral" name="Functionality of SignUp 12" time="12.196985">
<system-out><![CDATA[Given users are already on login page.......................................passed
When title of logins page is................................................passed
Then Then user clicks on  Sign Up button....................................passed
Then users enters "AJay Singh" and "tesdstwerwingajawy8ds@yopmail.com"and "qwerty@@".passed
Then user click on signup button............................................passed
Then user close the browser.................................................passed
]]></system-out>
</testcase>
<testcase classname="Market-World referral" name="Functionality of SignUp 13" time="11.645194">
<system-out><![CDATA[Given users are already on login page.......................................passed
When title of logins page is................................................passed
Then Then user clicks on  Sign Up button....................................passed
Then users enters "AJay Singh" and "testsdi3wqrawngajway6we@yopmail.com"and "qwerty@@".passed
Then user click on signup button............................................passed
Then user close the browser.................................................passed
]]></system-out>
</testcase>
<testcase classname="Market-World referral" name="Functionality of SignUp 14" time="14.394725">
<system-out><![CDATA[Given users are already on login page.......................................passed
When title of logins page is................................................passed
Then Then user clicks on  Sign Up button....................................passed
Then users enters "AJay Singh" and "sisdnghawefajaye.hwestabit@yopmail.com"and "qwerty@@".passed
Then user click on signup button............................................passed
Then user close the browser.................................................passed
]]></system-out>
</testcase>
<testcase classname="Market-World referral" name="Functionality of SignUp 15" time="10.919726">
<system-out><![CDATA[Given users are already on login page.......................................passed
When title of logins page is................................................passed
Then Then user clicks on  Sign Up button....................................passed
Then users enters "AJay Singh" and "tesdstiasfaewngajwawy4@yopmail.com"and "qwerty@@".passed
Then user click on signup button............................................passed
Then user close the browser.................................................passed
]]></system-out>
</testcase>
<testcase classname="Market-World referral" name="Functionality of SignUp 16" time="11.154498">
<system-out><![CDATA[Given users are already on login page.......................................passed
When title of logins page is................................................passed
Then Then user clicks on  Sign Up button....................................passed
Then users enters "AJay Singh" and "wtesdstwrawingajeay10@yopmail.com"and "qwerty@@".passed
Then user click on signup button............................................passed
Then user close the browser.................................................passed
]]></system-out>
</testcase>
<testcase classname="Market-World referral" name="Functionality of SignUp 17" time="11.484422">
<system-out><![CDATA[Given users are already on login page.......................................passed
When title of logins page is................................................passed
Then Then user clicks on  Sign Up button....................................passed
Then users enters "AJay Singh" and "twevswqetingajaey11@yopmail.com"and "qwerty@@".passed
Then user click on signup button............................................passed
Then user close the browser.................................................passed
]]></system-out>
</testcase>
<testcase classname="Market-World referral" name="Functionality of SignUp 18" time="9.428617">
<system-out><![CDATA[Given users are already on login page.......................................passed
When title of logins page is................................................passed
Then Then user clicks on  Sign Up button....................................passed
Then users enters "AJay Singh" and "tewsdwrastingajray2@yopmail.com"and "qwerty@@".passed
Then user click on signup button............................................passed
Then user close the browser.................................................passed
]]></system-out>
</testcase>
<testcase classname="Market-World referral" name="Functionality of SignUp 19" time="11.24931">
<system-out><![CDATA[Given users are already on login page.......................................passed
When title of logins page is................................................passed
Then Then user clicks on  Sign Up button....................................passed
Then users enters "AJay Singh" and "tessdwesdwaftingajfay3@yopmail.com"and "qwerty@@".passed
Then user click on signup button............................................passed
Then user close the browser.................................................passed
]]></system-out>
</testcase>
<testcase classname="Market-World referral" name="Functionality of SignUp 20" time="11.621138">
<system-out><![CDATA[Given users are already on login page.......................................passed
When title of logins page is................................................passed
Then Then user clicks on  Sign Up button....................................passed
Then users enters "AJay Singh" and "teesdwwfastingajays9@yopmail.com"and "qwerty@@".passed
Then user click on signup button............................................passed
Then user close the browser.................................................passed
]]></system-out>
</testcase>
<testcase classname="Market-World referral" name="Functionality of SignUp 21" time="10.801765">
<system-out><![CDATA[Given users are already on login page.......................................passed
When title of logins page is................................................passed
Then Then user clicks on  Sign Up button....................................passed
Then users enters "AJay Singh" and "tsdessdfewwastingajazy8@yopmail.com"and "qwerty@@".passed
Then user click on signup button............................................passed
Then user close the browser.................................................passed
]]></system-out>
</testcase>
<testcase classname="Market-World referral" name="Functionality of SignUp 22" time="10.86302">
<system-out><![CDATA[Given users are already on login page.......................................passed
When title of logins page is................................................passed
Then Then user clicks on  Sign Up button....................................passed
Then users enters "AJay Singh" and "tsdeswqtwingajaay6@yopmail.com"and "qwerty@@".passed
Then user click on signup button............................................passed
Then user close the browser.................................................passed
]]></system-out>
</testcase>
<testcase classname="Market-World referral" name="Functionality of SignUp 23" time="21.495433">
<system-out><![CDATA[Given users are already on login page.......................................passed
When title of logins page is................................................passed
Then Then user clicks on  Sign Up button....................................passed
Then users enters "AJay Singh" and "sisdngfewwashajayq.hestabit@yopmail.com"and "qwerty@@".passed
Then user click on signup button............................................passed
Then user close the browser.................................................passed
]]></system-out>
</testcase>
<testcase classname="Market-World referral" name="Functionality of SignUp 24" time="13.662526">
<system-out><![CDATA[Given users are already on login page.......................................passed
When title of logins page is................................................passed
Then Then user clicks on  Sign Up button....................................passed
Then users enters "AJay Singh" and "tesdweafstwingaawjay4@yopmail.com"and "qwerty@@".passed
Then user click on signup button............................................passed
Then user close the browser.................................................passed
]]></system-out>
</testcase>
<testcase classname="Market-World referral" name="Functionality of SignUp 25" time="10.947138">
<system-out><![CDATA[Given users are already on login page.......................................passed
When title of logins page is................................................passed
Then Then user clicks on  Sign Up button....................................passed
Then users enters "AJay Singh" and "sdteswefatiwngaqjary10@yopmail.com"and "qwerty@@".passed
Then user click on signup button............................................passed
Then user close the browser.................................................passed
]]></system-out>
</testcase>
<testcase classname="Market-World referral" name="Functionality of SignUp 26" time="8.662246">
<system-out><![CDATA[Given users are already on login page.......................................passed
When title of logins page is................................................passed
Then Then user clicks on  Sign Up button....................................passed
Then users enters "AJay Singh" and "tesdsweftingwae2jay11@yopmail.com"and "qwerty@@".passed
Then user click on signup button............................................passed
Then user close the browser.................................................passed
]]></system-out>
</testcase>
<testcase classname="Market-World referral" name="Functionality of SignUp 27" time="10.645144">
<system-out><![CDATA[Given users are already on login page.......................................passed
When title of logins page is................................................passed
Then Then user clicks on  Sign Up button....................................passed
Then users enters "AJay Singh" and "tesqsdwr3tingwarewqjay2@yopmail.com"and "qwerty@@".passed
Then user click on signup button............................................passed
Then user close the browser.................................................passed
]]></system-out>
</testcase>
<testcase classname="Market-World referral" name="Functionality of SignUp 28" time="11.512452">
<system-out><![CDATA[Given users are already on login page.......................................passed
When title of logins page is................................................passed
Then Then user clicks on  Sign Up button....................................passed
Then users enters "AJay Singh" and "tes3rtsdingawrwqjay3@yopmail.com"and "qwerty@@".passed
Then user click on signup button............................................passed
Then user close the browser.................................................passed
]]></system-out>
</testcase>
<testcase classname="Market-World referral" name="Functionality of SignUp 29" time="10.721316">
<system-out><![CDATA[Given users are already on login page.......................................passed
When title of logins page is................................................passed
Then Then user clicks on  Sign Up button....................................passed
Then users enters "AJay Singh" and "testhtrhsdfingawrwajay9@yopmail.com"and "qwerty@@".passed
Then user click on signup button............................................passed
Then user close the browser.................................................passed
]]></system-out>
</testcase>
<testcase classname="Market-World referral" name="Functionality of SignUp 30" time="10.531692">
<system-out><![CDATA[Given users are already on login page.......................................passed
When title of logins page is................................................passed
Then Then user clicks on  Sign Up button....................................passed
Then users enters "AJay Singh" and "testsadsnisdngajw2qeqay8@yopmail.com"and "qwerty@@".passed
Then user click on signup button............................................passed
Then user close the browser.................................................passed
]]></system-out>
</testcase>
<testcase classname="Market-World referral" name="Functionality of SignUp 31" time="12.315412">
<system-out><![CDATA[Given users are already on login page.......................................passed
When title of logins page is................................................passed
Then Then user clicks on  Sign Up button....................................passed
Then users enters "AJay Singh" and "testxzczingasd2qewwjay6@yopmail.com"and "qwerty@@".passed
Then user click on signup button............................................passed
Then user close the browser.................................................passed
]]></system-out>
</testcase>
<testcase classname="Market-World referral" name="Functionality of SignUp 32" time="10.658064">
<system-out><![CDATA[Given users are already on login page.......................................passed
When title of logins page is................................................passed
Then Then user clicks on  Sign Up button....................................passed
Then users enters "AJay Singh" and "singhytuytajaysde2wwq.hestabit@yopmail.com"and "qwerty@@".passed
Then user click on signup button............................................passed
Then user close the browser.................................................passed
]]></system-out>
</testcase>
<testcase classname="Market-World referral" name="Functionality of SignUp 33" time="11.849677">
<system-out><![CDATA[Given users are already on login page.......................................passed
When title of logins page is................................................passed
Then Then user clicks on  Sign Up button....................................passed
Then users enters "AJay Singh" and "testry6utingwrajsdawy4@yopmail.com"and "qwerty@@".passed
Then user click on signup button............................................passed
Then user close the browser.................................................passed
]]></system-out>
</testcase>
<testcase classname="Market-World referral" name="Functionality of SignUp 34" time="8.309229">
<system-out><![CDATA[Given users are already on login page.......................................passed
When title of logins page is................................................passed
Then Then user clicks on  Sign Up button....................................passed
Then users enters "AJay Singh" and "wteukuystine2gajaysd10@yopmail.com"and "qwerty@@".passed
Then user click on signup button............................................passed
Then user close the browser.................................................passed
]]></system-out>
</testcase>
<testcase classname="Market-World referral" name="Functionality of SignUp 35" time="8.394175">
<system-out><![CDATA[Given users are already on login page.......................................passed
When title of logins page is................................................passed
Then Then user clicks on  Sign Up button....................................passed
Then users enters "AJay Singh" and "sdtwewq4qwstin4yt5gajay11@yopmail.com"and "qwerty@@".passed
Then user click on signup button............................................passed
Then user close the browser.................................................passed
]]></system-out>
</testcase>
<testcase classname="Market-World referral" name="Functionality of SignUp 36" time="10.93768">
<system-out><![CDATA[Given users are already on login page.......................................passed
When title of logins page is................................................passed
Then Then user clicks on  Sign Up button....................................passed
Then users enters "AJay Singh" and "tesdwweqwstingajytuay2@yopmail.com"and "qwerty@@".passed
Then user click on signup button............................................passed
Then user close the browser.................................................passed
]]></system-out>
</testcase>
<testcase classname="Market-World referral" name="Functionality of SignUp 37" time="10.537327">
<system-out><![CDATA[Given users are already on login page.......................................passed
When title of logins page is................................................passed
Then Then user clicks on  Sign Up button....................................passed
Then users enters "AJay Singh" and "teswsddsfdgtingajrgtay3@yopmail.com"and "qwerty@@".passed
Then user click on signup button............................................passed
Then user close the browser.................................................passed
]]></system-out>
</testcase>
<testcase classname="Market-World referral" name="Functionality of SignUp 38" time="10.484636">
<system-out><![CDATA[Given users are already on login page.......................................passed
When title of logins page is................................................passed
Then Then user clicks on  Sign Up button....................................passed
Then users enters "AJay Singh" and "tesxwhsdsdrtingajweray11@yopmail.com"and "qwerty@@".passed
Then user click on signup button............................................passed
Then user close the browser.................................................passed
]]></system-out>
</testcase>
<testcase classname="Market-World referral" name="Functionality of SignUp 39" time="10.815732">
<system-out><![CDATA[Given users are already on login page.......................................passed
When title of logins page is................................................passed
Then Then user clicks on  Sign Up button....................................passed
Then users enters "AJay Singh" and "testhwsesdrhingadfsjay2@yopmail.com"and "qwerty@@".passed
Then user click on signup button............................................passed
Then user close the browser.................................................passed
]]></system-out>
</testcase>
<testcase classname="Market-World referral" name="Functionality of SignUp 40" time="11.493319">
<system-out><![CDATA[Given users are already on login page.......................................passed
When title of logins page is................................................passed
Then Then user clicks on  Sign Up button....................................passed
Then users enters "AJay Singh" and "tesncvwctisd34q23ngajay3@yopmail.com"and "qwerty@@".passed
Then user click on signup button............................................passed
Then user close the browser.................................................passed
]]></system-out>
</testcase>
<testcase classname="Market-World referral" name="Functionality of SignUp 41" time="11.58735">
<system-out><![CDATA[Given users are already on login page.......................................passed
When title of logins page is................................................passed
Then Then user clicks on  Sign Up button....................................passed
Then users enters "AJay Singh" and "testingwwdwasdjay5@gmail.com"and "qwerty@@".passed
Then user click on signup button............................................passed
Then user close the browser.................................................passed
]]></system-out>
</testcase>
<testcase classname="Market-World referral" name="Functionality of SignUp 42" time="11.698572">
<system-out><![CDATA[Given users are already on login page.......................................passed
When title of logins page is................................................passed
Then Then user clicks on  Sign Up button....................................passed
Then users enters "AJay Singh" and "testinwqwfdwgasdjay9@yopmail.com"and "qwerty@@".passed
Then user click on signup button............................................passed
Then user close the browser.................................................passed
]]></system-out>
</testcase>
<testcase classname="Market-World referral" name="Functionality of SignUp 43" time="13.305289">
<system-out><![CDATA[Given users are already on login page.......................................passed
When title of logins page is................................................passed
Then Then user clicks on  Sign Up button....................................passed
Then users enters "AJay Singh" and "testinwqwfawgajasdy8@yopmail.com"and "qwerty@@".passed
Then user click on signup button............................................passed
Then user close the browser.................................................passed
]]></system-out>
</testcase>
<testcase classname="Market-World referral" name="Functionality of SignUp 44" time="10.96661">
<system-out><![CDATA[Given users are already on login page.......................................passed
When title of logins page is................................................passed
Then Then user clicks on  Sign Up button....................................passed
Then users enters "AJay Singh" and "testinEWwFSAEgajay6@yopmail.com"and "qwerty@@".passed
Then user click on signup button............................................passed
Then user close the browser.................................................passed
]]></system-out>
</testcase>
<testcase classname="Market-World referral" name="Functionality of SignUp 45" time="10.820529">
<system-out><![CDATA[Given users are already on login page.......................................passed
When title of logins page is................................................passed
Then Then user clicks on  Sign Up button....................................passed
Then users enters "AJay Singh" and "sdsinghafwwwafjay.hestabit@yopmail.com"and "qwerty@@".passed
Then user click on signup button............................................passed
Then user close the browser.................................................passed
]]></system-out>
</testcase>
<testcase classname="Market-World referral" name="Functionality of SignUp 46" time="8.071464">
<system-out><![CDATA[Given users are already on login page.......................................passed
When title of logins page is................................................passed
Then Then user clicks on  Sign Up button....................................passed
Then users enters "AJay Singh" and "tesdstiegwwsfasngajay4@yopmail.com"and "qwerty@@".passed
Then user click on signup button............................................passed
Then user close the browser.................................................passed
]]></system-out>
</testcase>
<testcase classname="Market-World referral" name="Functionality of SignUp 47" time="10.559084">
<system-out><![CDATA[Given users are already on login page.......................................passed
When title of logins page is................................................passed
Then Then user clicks on  Sign Up button....................................passed
Then users enters "AJay Singh" and "testsdiweafwangajay10@yopmail.com"and "qwerty@@".passed
Then user click on signup button............................................passed
Then user close the browser.................................................passed
]]></system-out>
</testcase>
<testcase classname="Market-World referral" name="Functionality of SignUp 48" time="9.141897">
<system-out><![CDATA[Given users are already on login page.......................................passed
When title of logins page is................................................passed
Then Then user clicks on  Sign Up button....................................passed
Then users enters "AJay Singh" and "testiwsdafanwgajay11@yopmail.com"and "qwerty@@".passed
Then user click on signup button............................................passed
Then user close the browser.................................................passed
]]></system-out>
</testcase>
<testcase classname="Market-World referral" name="Functionality of SignUp 49" time="10.260617">
<system-out><![CDATA[Given users are already on login page.......................................passed
When title of logins page is................................................passed
Then Then user clicks on  Sign Up button....................................passed
Then users enters "AJay Singh" and "testwqfAsdDWiwngajay2@yopmail.com"and "qwerty@@".passed
Then user click on signup button............................................passed
Then user close the browser.................................................passed
]]></system-out>
</testcase>
<testcase classname="Market-World referral" name="Functionality of SignUp 50" time="10.956947">
<system-out><![CDATA[Given users are already on login page.......................................passed
When title of logins page is................................................passed
Then Then user clicks on  Sign Up button....................................passed
Then users enters "AJay Singh" and "testQwdainsdgawjay3@yopmail.com"and "qwerty@@".passed
Then user click on signup button............................................passed
Then user close the browser.................................................passed
]]></system-out>
</testcase>
<testcase classname="Market-World referral" name="Functionality of SignUp 51" time="8.308846">
<system-out><![CDATA[Given users are already on login page.......................................passed
When title of logins page is................................................passed
Then Then user clicks on  Sign Up button....................................passed
Then users enters "AJay Singh" and "testasefewaisdnwgajay9@yopmail.com"and "qwerty@@".passed
Then user click on signup button............................................passed
Then user close the browser.................................................passed
]]></system-out>
</testcase>
<testcase classname="Market-World referral" name="Functionality of SignUp 52" time="10.965017">
<system-out><![CDATA[Given users are already on login page.......................................passed
When title of logins page is................................................passed
Then Then user clicks on  Sign Up button....................................passed
Then users enters "AJay Singh" and "testwerwingajasdwy8ds@yopmail.com"and "qwerty@@".passed
Then user click on signup button............................................passed
Then user close the browser.................................................passed
]]></system-out>
</testcase>
<testcase classname="Market-World referral" name="Functionality of SignUp 53" time="10.828394">
<system-out><![CDATA[Given users are already on login page.......................................passed
When title of logins page is................................................passed
Then Then user clicks on  Sign Up button....................................passed
Then users enters "AJay Singh" and "testi3wqrawngajwsday6we@yopmail.com"and "qwerty@@".passed
Then user click on signup button............................................passed
Then user close the browser.................................................passed
]]></system-out>
</testcase>
<testcase classname="Market-World referral" name="Functionality of SignUp 54" time="10.688304">
<system-out><![CDATA[Given users are already on login page.......................................passed
When title of logins page is................................................passed
Then Then user clicks on  Sign Up button....................................passed
Then users enters "AJay Singh" and "singhawefajaye.hwesdstabit@yopmail.com"and "qwerty@@".passed
Then user click on signup button............................................passed
Then user close the browser.................................................passed
]]></system-out>
</testcase>
<testcase classname="Market-World referral" name="Functionality of SignUp 55" time="11.056199">
<system-out><![CDATA[Given users are already on login page.......................................passed
When title of logins page is................................................passed
Then Then user clicks on  Sign Up button....................................passed
Then users enters "AJay Singh" and "testiasfaewngajwawy4sd@yopmail.com"and "qwerty@@".passed
Then user click on signup button............................................passed
Then user close the browser.................................................passed
]]></system-out>
</testcase>
<testcase classname="Market-World referral" name="Functionality of SignUp 56" time="10.840873">
<system-out><![CDATA[Given users are already on login page.......................................passed
When title of logins page is................................................passed
Then Then user clicks on  Sign Up button....................................passed
Then users enters "AJay Singh" and "ssddwtestwrawingajeay10@yopmail.com"and "qwerty@@".passed
Then user click on signup button............................................passed
Then user close the browser.................................................passed
]]></system-out>
</testcase>
<testcase classname="Market-World referral" name="Functionality of SignUp 57" time="8.538175">
<system-out><![CDATA[Given users are already on login page.......................................passed
When title of logins page is................................................passed
Then Then user clicks on  Sign Up button....................................passed
Then users enters "AJay Singh" and "twesdswqetingajaey11@yopmail.com"and "qwerty@@".passed
Then user click on signup button............................................passed
Then user close the browser.................................................passed
]]></system-out>
</testcase>
<testcase classname="Market-World referral" name="Functionality of SignUp 58" time="12.7376">
<system-out><![CDATA[Given users are already on login page.......................................passed
When title of logins page is................................................passed
Then Then user clicks on  Sign Up button....................................passed
Then users enters "AJay Singh" and "tewwrsdastingajray2@yopmail.com"and "qwerty@@".passed
Then user click on signup button............................................passed
Then user close the browser.................................................passed
]]></system-out>
</testcase>
<testcase classname="Market-World referral" name="Functionality of SignUp 59" time="10.731636">
<system-out><![CDATA[Given users are already on login page.......................................passed
When title of logins page is................................................passed
Then Then user clicks on  Sign Up button....................................passed
Then users enters "AJay Singh" and "teswewasdftingajfay3@yopmail.com"and "qwerty@@".passed
Then user click on signup button............................................passed
Then user close the browser.................................................passed
]]></system-out>
</testcase>
<testcase classname="Market-World referral" name="Functionality of SignUp 60" time="13.450896">
<system-out><![CDATA[Given users are already on login page.......................................passed
When title of logins page is................................................passed
Then Then user clicks on  Sign Up button....................................passed
Then users enters "AJay Singh" and "teewwfastsdingajays9@yopmail.com"and "qwerty@@".passed
Then user click on signup button............................................passed
Then user close the browser.................................................passed
]]></system-out>
</testcase>
<testcase classname="Market-World referral" name="Functionality of SignUp 61" time="11.009501">
<system-out><![CDATA[Given users are already on login page.......................................passed
When title of logins page is................................................passed
Then Then user clicks on  Sign Up button....................................passed
Then users enters "AJay Singh" and "tesfewwastisdngajazy8@yopmail.com"and "qwerty@@".passed
Then user click on signup button............................................passed
Then user close the browser.................................................passed
]]></system-out>
</testcase>
<testcase classname="Market-World referral" name="Functionality of SignUp 62" time="11.44602">
<system-out><![CDATA[Given users are already on login page.......................................passed
When title of logins page is................................................passed
Then Then user clicks on  Sign Up button....................................passed
Then users enters "AJay Singh" and "teswqtwingajasday6@yopmail.com"and "qwerty@@".passed
Then user click on signup button............................................passed
Then user close the browser.................................................passed
]]></system-out>
</testcase>
<testcase classname="Market-World referral" name="Functionality of SignUp 63" time="10.740342">
<system-out><![CDATA[Given users are already on login page.......................................passed
When title of logins page is................................................passed
Then Then user clicks on  Sign Up button....................................passed
Then users enters "AJay Singh" and "singfewwashajaysdq.hestabit@yopmail.com"and "qwerty@@".passed
Then user click on signup button............................................passed
Then user close the browser.................................................passed
]]></system-out>
</testcase>
<testcase classname="Market-World referral" name="Functionality of SignUp 64" time="11.736657">
<system-out><![CDATA[Given users are already on login page.......................................passed
When title of logins page is................................................passed
Then Then user clicks on  Sign Up button....................................passed
Then users enters "AJay Singh" and "sdteweafstwingaawjay4@yopmail.com"and "qwerty@@".passed
Then user click on signup button............................................passed
Then user close the browser.................................................passed
]]></system-out>
</testcase>
<testcase classname="Market-World referral" name="Functionality of SignUp 65" time="11.253964">
<system-out><![CDATA[Given users are already on login page.......................................passed
When title of logins page is................................................passed
Then Then user clicks on  Sign Up button....................................passed
Then users enters "AJay Singh" and "tesdswefatiwngaqjary10@yopmail.com"and "qwerty@@".passed
Then user click on signup button............................................passed
Then user close the browser.................................................passed
]]></system-out>
</testcase>
<testcase classname="Market-World referral" name="Functionality of SignUp 66" time="8.374662">
<system-out><![CDATA[Given users are already on login page.......................................passed
When title of logins page is................................................passed
Then Then user clicks on  Sign Up button....................................passed
Then users enters "AJay Singh" and "teswsdeftingwae2jay11@yopmail.com"and "qwerty@@".passed
Then user click on signup button............................................passed
Then user close the browser.................................................passed
]]></system-out>
</testcase>
<testcase classname="Market-World referral" name="Functionality of SignUp 67" time="10.023762">
<system-out><![CDATA[Given users are already on login page.......................................passed
When title of logins page is................................................passed
Then Then user clicks on  Sign Up button....................................passed
Then users enters "AJay Singh" and "tesqwrsd3tingwarewqjay2@yopmail.com"and "qwerty@@".passed
Then user click on signup button............................................passed
Then user close the browser.................................................passed
]]></system-out>
</testcase>
<testcase classname="Market-World referral" name="Functionality of SignUp 68" time="8.362663">
<system-out><![CDATA[Given users are already on login page.......................................passed
When title of logins page is................................................passed
Then Then user clicks on  Sign Up button....................................passed
Then users enters "AJay Singh" and "tes3rtinsdgawrwqjay3@yopmail.com"and "qwerty@@".passed
Then user click on signup button............................................passed
Then user close the browser.................................................passed
]]></system-out>
</testcase>
<testcase classname="Market-World referral" name="Functionality of SignUp 69" time="8.255194">
<system-out><![CDATA[Given users are already on login page.......................................passed
When title of logins page is................................................passed
Then Then user clicks on  Sign Up button....................................passed
Then users enters "AJay Singh" and "testhtrhfisdngawrwajay9@yopmail.com"and "qwerty@@".passed
Then user click on signup button............................................passed
Then user close the browser.................................................passed
]]></system-out>
</testcase>
<testcase classname="Market-World referral" name="Functionality of SignUp 70" time="11.011977">
<system-out><![CDATA[Given users are already on login page.......................................passed
When title of logins page is................................................passed
Then Then user clicks on  Sign Up button....................................passed
Then users enters "AJay Singh" and "testsadsningsdajw2qeqay8@yopmail.com"and "qwerty@@".passed
Then user click on signup button............................................passed
Then user close the browser.................................................passed
]]></system-out>
</testcase>
<testcase classname="Market-World referral" name="Functionality of SignUp 71" time="11.503981">
<system-out><![CDATA[Given users are already on login page.......................................passed
When title of logins page is................................................passed
Then Then user clicks on  Sign Up button....................................passed
Then users enters "AJay Singh" and "testxzczinga2qsdewwjay6@yopmail.com"and "qwerty@@".passed
Then user click on signup button............................................passed
Then user close the browser.................................................passed
]]></system-out>
</testcase>
<testcase classname="Market-World referral" name="Functionality of SignUp 72" time="9.84982">
<system-out><![CDATA[Given users are already on login page.......................................passed
When title of logins page is................................................passed
Then Then user clicks on  Sign Up button....................................passed
Then users enters "AJay Singh" and "singhytuytajaye2sdwwq.hestabit@yopmail.com"and "qwerty@@".passed
Then user click on signup button............................................passed
Then user close the browser.................................................passed
]]></system-out>
</testcase>
<testcase classname="Market-World referral" name="Functionality of SignUp 73" time="11.713076">
<system-out><![CDATA[Given users are already on login page.......................................passed
When title of logins page is................................................passed
Then Then user clicks on  Sign Up button....................................passed
Then users enters "AJay Singh" and "testry6utiddsngwrajawsdy4@yopmail.com"and "qwerty@@".passed
Then user click on signup button............................................passed
Then user close the browser.................................................passed
]]></system-out>
</testcase>
<testcase classname="Market-World referral" name="Functionality of SignUp 74" time="12.903429">
<system-out><![CDATA[Given users are already on login page.......................................passed
When title of logins page is................................................passed
Then Then user clicks on  Sign Up button....................................passed
Then users enters "AJay Singh" and "wteukuystiddsne2gajay10@yopmail.com"and "qwerty@@".passed
Then user click on signup button............................................passed
Then user close the browser.................................................passed
]]></system-out>
</testcase>
<testcase classname="Market-World referral" name="Functionality of SignUp 75" time="12.080836">
<system-out><![CDATA[Given users are already on login page.......................................passed
When title of logins page is................................................passed
Then Then user clicks on  Sign Up button....................................passed
Then users enters "AJay Singh" and "twewq4qwstin4ddsyt5gajay11@yopmail.com"and "qwerty@@".passed
Then user click on signup button............................................passed
Then user close the browser.................................................passed
]]></system-out>
</testcase>
<testcase classname="Market-World referral" name="Functionality of SignUp 76" time="10.258411">
<system-out><![CDATA[Given users are already on login page.......................................passed
When title of logins page is................................................passed
Then Then user clicks on  Sign Up button....................................passed
Then users enters "AJay Singh" and "tewweqwstingajytddsuay2@yopmail.com"and "qwerty@@".passed
Then user click on signup button............................................passed
Then user close the browser.................................................passed
]]></system-out>
</testcase>
<testcase classname="Market-World referral" name="Functionality of SignUp 77" time="12.807931">
<system-out><![CDATA[Given users are already on login page.......................................passed
When title of logins page is................................................passed
Then Then user clicks on  Sign Up button....................................passed
Then users enters "AJay Singh" and "ddsteswdsfdgtingajrgDSAtay3@yopmail.com"and "qwerty@@".passed
Then user click on signup button............................................passed
Then user close the browser.................................................passed
]]></system-out>
</testcase>
<testcase classname="Market-World referral" name="Functionality of SignUp 78" time="10.961361">
<system-out><![CDATA[Given users are already on login page.......................................passed
When title of logins page is................................................passed
Then Then user clicks on  Sign Up button....................................passed
Then users enters "AJay Singh" and "tesddsxwhsdrtingaDASjweray11@yopmail.com"and "qwerty@@".passed
Then user click on signup button............................................passed
Then user close the browser.................................................passed
]]></system-out>
</testcase>
<testcase classname="Market-World referral" name="Functionality of SignUp 79" time="12.9669">
<system-out><![CDATA[Given users are already on login page.......................................passed
When title of logins page is................................................passed
Then Then user clicks on  Sign Up button....................................passed
Then users enters "AJay Singh" and "testhwddsserhiASDngadfsjay2@yopmail.com"and "qwerty@@".passed
Then user click on signup button............................................passed
Then user close the browser.................................................passed
]]></system-out>
</testcase>
<testcase classname="Market-World referral" name="Functionality of SignUp 80" time="13.601947">
<system-out><![CDATA[Given users are already on login page.......................................passed
When title of logins page is................................................passed
Then Then user clicks on  Sign Up button....................................passed
Then users enters "AJay Singh" and "tesncvwctddsi34q23ADSngajay3@yopmail.com"and "qwerty@@".passed
Then user click on signup button............................................passed
Then user close the browser.................................................passed
]]></system-out>
</testcase>
<testcase classname="Market-World referral" name="Functionality of SignUp 81" time="11.25957">
<system-out><![CDATA[Given users are already on login page.......................................passed
When title of logins page is................................................passed
Then Then user clicks on  Sign Up button....................................passed
Then users enters "AJay Singh" and "tesfewwastisdngASDajazy8@yopmail.com"and "qwerty@@".passed
Then user click on signup button............................................passed
Then user close the browser.................................................passed
]]></system-out>
</testcase>
<testcase classname="Market-World referral" name="Functionality of SignUp 82" time="14.164675">
<system-out><![CDATA[Given users are already on login page.......................................passed
When title of logins page is................................................passed
Then Then user clicks on  Sign Up button....................................passed
Then users enters "AJay Singh" and "teswqtwingajDSAasday6@yopmail.com"and "qwerty@@".passed
Then user click on signup button............................................passed
Then user close the browser.................................................passed
]]></system-out>
</testcase>
<testcase classname="Market-World referral" name="Functionality of SignUp 83" time="10.822679">
<system-out><![CDATA[Given users are already on login page.......................................passed
When title of logins page is................................................passed
Then Then user clicks on  Sign Up button....................................passed
Then users enters "AJay Singh" and "singfewwashajaysdqAFDS.hestabit@yopmail.com"and "qwerty@@".passed
Then user click on signup button............................................passed
Then user close the browser.................................................passed
]]></system-out>
</testcase>
<testcase classname="Market-World referral" name="Functionality of SignUp 84" time="10.039713">
<system-out><![CDATA[Given users are already on login page.......................................passed
When title of logins page is................................................passed
Then Then user clicks on  Sign Up button....................................passed
Then users enters "AJay Singh" and "sdteweafstwingAFSDaawjay4@yopmail.com"and "qwerty@@".passed
Then user click on signup button............................................passed
Then user close the browser.................................................passed
]]></system-out>
</testcase>
<testcase classname="Market-World referral" name="Functionality of SignUp 85" time="11.659066">
<system-out><![CDATA[Given users are already on login page.......................................passed
When title of logins page is................................................passed
Then Then user clicks on  Sign Up button....................................passed
Then users enters "AJay Singh" and "tesdswefatiwASngaqjary10@yopmail.com"and "qwerty@@".passed
Then user click on signup button............................................passed
Then user close the browser.................................................passed
]]></system-out>
</testcase>
<testcase classname="Market-World referral" name="Functionality of SignUp 86" time="11.206335">
<system-out><![CDATA[Given users are already on login page.......................................passed
When title of logins page is................................................passed
Then Then user clicks on  Sign Up button....................................passed
Then users enters "AJay Singh" and "teswsdeftSAFingwae2jay11@yopmail.com"and "qwerty@@".passed
Then user click on signup button............................................passed
Then user close the browser.................................................passed
]]></system-out>
</testcase>
<testcase classname="Market-World referral" name="Functionality of SignUp 87" time="11.484374">
<system-out><![CDATA[Given users are already on login page.......................................passed
When title of logins page is................................................passed
Then Then user clicks on  Sign Up button....................................passed
Then users enters "AJay Singh" and "tesqwrSAFsd3tingwarewqjay2@yopmail.com"and "qwerty@@".passed
Then user click on signup button............................................passed
Then user close the browser.................................................passed
]]></system-out>
</testcase>
<testcase classname="Market-World referral" name="Functionality of SignUp 88" time="12.03024">
<system-out><![CDATA[Given users are already on login page.......................................passed
When title of logins page is................................................passed
Then Then user clicks on  Sign Up button....................................passed
Then users enters "AJay Singh" and "tes3rVtinsdgawrwqjay3@yopmail.com"and "qwerty@@".passed
Then user click on signup button............................................passed
Then user close the browser.................................................passed
]]></system-out>
</testcase>
<testcase classname="Market-World referral" name="Functionality of SignUp 89" time="9.422405">
<system-out><![CDATA[Given users are already on login page.......................................passed
When title of logins page is................................................passed
Then Then user clicks on  Sign Up button....................................passed
Then users enters "AJay Singh" and "testVhtrhfisdngawrwajay9@yopmail.com"and "qwerty@@".passed
Then user click on signup button............................................passed
Then user close the browser.................................................passed
]]></system-out>
</testcase>
<testcase classname="Market-World referral" name="Functionality of SignUp 90" time="13.274367">
<system-out><![CDATA[Given users are already on login page.......................................passed
When title of logins page is................................................passed
Then Then user clicks on  Sign Up button....................................passed
Then users enters "AJay Singh" and "asxztestsadsningsdajw2qeqay8@yopmail.com"and "qwerty@@".passed
Then user click on signup button............................................passed
Then user close the browser.................................................passed
]]></system-out>
</testcase>
<testcase classname="Market-World referral" name="Functionality of SignUp 91" time="11.958542">
<system-out><![CDATA[Given users are already on login page.......................................passed
When title of logins page is................................................passed
Then Then user clicks on  Sign Up button....................................passed
Then users enters "AJay Singh" and "testxzczinga2qsdasxzewwjay6@yopmail.com"and "qwerty@@".passed
Then user click on signup button............................................passed
Then user close the browser.................................................passed
]]></system-out>
</testcase>
<testcase classname="Market-World referral" name="Functionality of SignUp 92" time="9.478961">
<system-out><![CDATA[Given users are already on login page.......................................passed
When title of logins page is................................................passed
Then Then user clicks on  Sign Up button....................................passed
Then users enters "AJay Singh" and "singhytuytajasxzaye2sdwwq.hestabit@yopmail.com"and "qwerty@@".passed
Then user click on signup button............................................passed
Then user close the browser.................................................passed
]]></system-out>
</testcase>
<testcase classname="Market-World referral" name="Functionality of SignUp 93" time="9.571008">
<system-out><![CDATA[Given users are already on login page.......................................passed
When title of logins page is................................................passed
Then Then user clicks on  Sign Up button....................................passed
Then users enters "AJay Singh" and "testry6uasxztiddsngwrajawsdy4@yopmail.com"and "qwerty@@".passed
Then user click on signup button............................................passed
Then user close the browser.................................................passed
]]></system-out>
</testcase>
<testcase classname="Market-World referral" name="Functionality of SignUp 94" time="11.705272">
<system-out><![CDATA[Given users are already on login page.......................................passed
When title of logins page is................................................passed
Then Then user clicks on  Sign Up button....................................passed
Then users enters "AJay Singh" and "wteuasxzkuystiddsne2gajay10@yopmail.com"and "qwerty@@".passed
Then user click on signup button............................................passed
Then user close the browser.................................................passed
]]></system-out>
</testcase>
<testcase classname="Market-World referral" name="Functionality of SignUp 95" time="12.439837">
<system-out><![CDATA[Given users are already on login page.......................................passed
When title of logins page is................................................passed
Then Then user clicks on  Sign Up button....................................passed
Then users enters "AJay Singh" and "asxztwewq4qwstin4ddsyt5gajay11@yopmail.com"and "qwerty@@".passed
Then user click on signup button............................................passed
Then user close the browser.................................................passed
]]></system-out>
</testcase>
<testcase classname="Market-World referral" name="Functionality of SignUp 96" time="11.055424">
<system-out><![CDATA[Given users are already on login page.......................................passed
When title of logins page is................................................passed
Then Then user clicks on  Sign Up button....................................passed
Then users enters "AJay Singh" and "tewweqwstingajasxzytddsuay2@yopmail.com"and "qwerty@@".passed
Then user click on signup button............................................passed
Then user close the browser.................................................passed
]]></system-out>
</testcase>
<testcase classname="Market-World referral" name="Functionality of SignUp 97" time="9.263009">
<system-out><![CDATA[Given users are already on login page.......................................passed
When title of logins page is................................................passed
Then Then user clicks on  Sign Up button....................................passed
Then users enters "AJay Singh" and "ddsteswdsfasxzdgtingajrgtay3@yopmail.com"and "qwerty@@".passed
Then user click on signup button............................................passed
Then user close the browser.................................................passed
]]></system-out>
</testcase>
<testcase classname="Market-World referral" name="Functionality of SignUp 98" time="11.492027">
<system-out><![CDATA[Given users are already on login page.......................................passed
When title of logins page is................................................passed
Then Then user clicks on  Sign Up button....................................passed
Then users enters "AJay Singh" and "tesddsasxzxwhsdrtingajweray11@yopmail.com"and "qwerty@@".passed
Then user click on signup button............................................passed
Then user close the browser.................................................passed
]]></system-out>
</testcase>
<testcase classname="Market-World referral" name="Functionality of SignUp 99" time="13.839993">
<system-out><![CDATA[Given users are already on login page.......................................passed
When title of logins page is................................................passed
Then Then user clicks on  Sign Up button....................................passed
Then users enters "AJay Singh" and "teasxzsthwddsserhingadfsjay2@yopmail.com"and "qwerty@@".passed
Then user click on signup button............................................passed
Then user close the browser.................................................passed
]]></system-out>
</testcase>
<testcase classname="Market-World referral" name="Functionality of SignUp 100" time="10.979701">
<system-out><![CDATA[Given users are already on login page.......................................passed
When title of logins page is................................................passed
Then Then user clicks on  Sign Up button....................................passed
Then users enters "AJay Singh" and "teasxzsncvwctddsi34q23ngajay3@yopmail.com"and "qwerty@@".passed
Then user click on signup button............................................passed
Then user close the browser.................................................passed
]]></system-out>
</testcase>
</testsuite>
